2025-08-06 14:28:56,541 Namespace(cfg='../configs/loveda_pidnet_step_2b.yaml', seed=304, opts=[])
2025-08-06 14:28:56,542 AUTO_RESUME: False
CUDNN:
  BENCHMARK: True
  DETERMINISTIC: False
  ENABLED: True
DATASET:
  DATASET: LoveDA
  EXTRA_TRAIN_SET: 
  NUM_CLASSES: 7
  ROOT: /content/drive/MyDrive/AML_Segmentation_Project/dataset/LoveDA
  TEST_SET: list/cityscapes/val.lst
  TRAIN_SET: list/cityscapes/train.lst
GPUS: (0,)
LOG_DIR: 
LOSS:
  BALANCE_WEIGHTS: [0.5, 0.5]
  CLASS_BALANCE: False
  OHEMKEEP: 100000
  OHEMTHRES: 0.9
  SB_WEIGHTS: 0.5
  USE_OHEM: True
MODEL:
  ALIGN_CORNERS: True
  NAME: pidnet
  NUM_OUTPUTS: 2
  PRETRAINED: /content/drive/MyDrive/AML_Segmentation_Project/PIDNet/pretrained_models/imagenet/PIDNet_S_ImageNet.pth.tar
OUTPUT_DIR: 
PIN_MEMORY: True
PRINT_FREQ: 20
TEST:
  BASE_SIZE: 2048
  BATCH_SIZE_PER_GPU: 32
  FLIP_TEST: False
  IMAGE_SIZE: [2048, 1024]
  MODEL_FILE: 
  MULTI_SCALE: False
  OUTPUT_INDEX: -1
TRAIN:
  BASE_SIZE: 2048
  BATCH_SIZE_PER_GPU: 4
  BEGIN_EPOCH: 0
  END_EPOCH: 20
  EXTRA_EPOCH: 0
  EXTRA_LR: 0.001
  FLIP: True
  IGNORE_LABEL: -1
  IMAGE_SIZE: [512, 512]
  LR: 0.01
  MOMENTUM: 0.9
  MULTI_SCALE: True
  NESTEROV: False
  OPTIMIZER: sgd
  RESUME: False
  SCALE_FACTOR: 16
  SHUFFLE: True
  WD: 0.0001
WORKERS: 4
2025-08-06 14:29:14,980 Attention!!!
2025-08-06 14:29:14,981 Loaded 50 parameters!
2025-08-06 14:29:14,981 Over!!!
